12:43:16.403 [TelegramNotificationSenderService] INFO  TelegramNotificationSenderService - Notification to telegram was send. Telegram answer is {"ok":true,"result":{"message_id":41,"sender_chat":{"id":-1001542773953,"title":"Hogwarts courses news","username":"hogwarts_notifications","type":"channel"},"chat":{"id":-1001542773953,"title":"Hogwarts courses news","username":"hogwarts_notifications","type":"channel"},"date":1628761396,"text":"smile_emoji\u0421\u0435\u0432\u0435\u0440\u0443\u0441 \u0421\u043d\u0435\u0439\u043f \u0441\u043e\u0437\u0434\u0430\u043b \u043a\u0443\u0440\u0441 \u041a\u0443\u0440\u0441 \u043f\u043e \u0437\u0435\u043b\u044c\u0435\u0432\u0430\u0440\u0435\u043d\u0438\u044e \u0441\u043e \u0441\u043b\u043e\u0436\u043d\u043e\u0441\u0442\u044c\u044e 4\n\u041a\u0440\u0443\u0442\u043e\u0439 \u043a\u0443\u0440\u0441, \u0447\u0435\u0433\u043e \u0432\u044b"}}
12:43:16.407 [TelegramNotificationSenderService] INFO  TelegramNotificationSenderService - Telegram notification smile_emojiСеверус Снейп создал курс Курс по зельеварению со сложностью 4
Крутой курс, чего вы was send
13:21:06.517 [TelegramNotificationSenderService] INFO  TelegramNotificationSenderService - Notification to telegram was send. Telegram answer is {"ok":true,"result":{"message_id":4,"sender_chat":{"id":-1001501058633,"title":"JavaFromEPAM","username":"java_from_epam","type":"channel"},"chat":{"id":-1001501058633,"title":"JavaFromEPAM","username":"java_from_epam","type":"channel"},"date":1628763666,"text":"smile_emoji\u0421\u0435\u0432\u0435\u0440\u0443\u0441 \u0421\u043d\u0435\u0439\u043f \u0441\u043e\u0437\u0434\u0430\u043b \u043a\u0443\u0440\u0441 \u041a\u0443\u0440\u0441 \u043f\u043e \u0437\u0435\u043b\u044c\u0435\u0432\u0430\u0440\u0435\u043d\u0438\u044e \u0441\u043e \u0441\u043b\u043e\u0436\u043d\u043e\u0441\u0442\u044c\u044e 4\n\u041a\u0440\u0443\u0442\u043e\u0439 \u043a\u0443\u0440\u0441, \u0447\u0435\u0433\u043e \u0432\u044b"}}
13:21:06.521 [TelegramNotificationSenderService] INFO  TelegramNotificationSenderService - Telegram notification smile_emojiСеверус Снейп создал курс Курс по зельеварению со сложностью 4
Крутой курс, чего вы was send
13:59:27.993 [TelegramNotificationSenderService] INFO  TelegramNotificationSenderService - Notification to telegram was send. Telegram answer is {"ok":true,"result":{"message_id":5,"sender_chat":{"id":-1001501058633,"title":"JavaFromEPAM","username":"java_from_epam","type":"channel"},"chat":{"id":-1001501058633,"title":"JavaFromEPAM","username":"java_from_epam","type":"channel"},"date":1630580367,"text":"->\u0421\u0435\u0432\u0435\u0440\u0443\u0441 \u0421\u043d\u0435\u0439\u043f \u0441\u043e\u0437\u0434\u0430\u043b \u043a\u0443\u0440\u0441 \u041a\u0443\u0440\u0441 \u043f\u043e \u0437\u0435\u043b\u044c\u0435\u0432\u0430\u0440\u0435\u043d\u0438\u044e \u0441\u043e \u0441\u043b\u043e\u0436\u043d\u043e\u0441\u0442\u044c\u044e 4\n\u041a\u0440\u0443\u0442\u043e\u0439 \u043a\u0443\u0440\u0441, \u0447\u0435\u0433\u043e \u0432\u044b"}}
13:59:27.997 [TelegramNotificationSenderService] INFO  TelegramNotificationSenderService - Telegram notification ->Северус Снейп создал курс Курс по зельеварению со сложностью 4
Крутой курс, чего вы was send
19:45:38.282 [StudentServiceImpl] INFO  StudentServiceImpl - Avg.= 25.799999999999997 .
19:48:51.339 [main] INFO  StudentServiceImpl - Avg.= 25.799999999999997 .
19:48:51.345 [main] DEBUG EduMain - end program
20:37:57.594 [main] INFO  StudentServiceImpl - Avg.= 25.799999999999997 .
20:37:57.600 [main] DEBUG EduMain - end program
20:38:27.598 [main] INFO  StudentServiceImpl - Avg.= 25.799999999999997 .
20:38:27.603 [main] DEBUG EduMain - end program
20:57:29.439 [main] INFO  StudentServiceImpl - Avg.= 25.799999999999997 .
20:57:31.345 [main] DEBUG EduMain - end program
20:57:56.777 [main] INFO  StudentServiceImpl - Avg.= 25.799999999999997 .
20:57:56.782 [main] DEBUG EduMain - end program
21:13:10.349 [main] INFO  StudentServiceImpl - Avg.= 25.799999999999997 .
21:13:10.354 [main] DEBUG EduMain - end program
21:13:39.094 [main] INFO  StudentServiceImpl - Avg.= 25.799999999999997 .
21:13:39.100 [main] DEBUG EduMain - end program
21:14:06.112 [main] INFO  StudentServiceImpl - Avg.= 25.799999999999997 .
21:14:06.118 [main] DEBUG EduMain - end program
19:09:49.706 [main] INFO  StudentServiceImpl - Avg.= 25.799999999999997 .
19:09:49.719 [main] INFO  StudentServiceImpl - Avg.= 25.799999999999997 .
19:10:12.372 [main] INFO  StudentServiceImpl - Avg.= 25.799999999999997 .
